Arguments: 
  /usr/bin/node /usr/bin/yarn add --dev typescript @node/types

PATH: 
  /home/paolo/.vscode-server/bin/f80445acd5a3dadef24aa209168452a3d97cc326/bin/remote-cli:/home/paolo/.local/share/solana/install/active_release/bin:/home/paolo/.cargo/bin:/usr/local/sbin:/usr/local/bin:/usr/sbin:/usr/bin:/sbin:/bin:/usr/games:/usr/local/games:/mnt/c/Program Files/WindowsApps/CanonicalGroupLimited.UbuntuonWindows_2004.2020.424.0_x64__79rhkp1fndgsc:/mnt/c/Program Files (x86)/Common Files/Oracle/Java/javapath:/mnt/c/Windows/system32:/mnt/c/Windows:/mnt/c/Windows/System32/Wbem:/mnt/c/Windows/System32/WindowsPowerShell/v1.0/:/mnt/c/Windows/System32/OpenSSH/:/mnt/c/Program Files (x86)/NVIDIA Corporation/PhysX/Common:/mnt/c/Program Files/NVIDIA Corporation/NVIDIA NvDLISR:/mnt/c/WINDOWS/system32:/mnt/c/WINDOWS:/mnt/c/WINDOWS/System32/Wbem:/mnt/c/WINDOWS/System32/WindowsPowerShell/v1.0/:/mnt/c/WINDOWS/System32/OpenSSH/:/mnt/c/Program Files/nodejs/:/mnt/c/Program Files/Git/cmd:/mnt/c/Program Files/Microsoft SQL Server/130/Tools/Binn/:/mnt/c/Program Files/Microsoft SQL Server/Client SDK/ODBC/170/Tools/Binn/:/mnt/c/Program Files/Go/bin:/mnt/c/Program Files/Kubernetes/Minikube:/mnt/c/ProgramData/chocolatey/bin:/mnt/c/ab:/mnt/c/Program Files (x86)/Microsoft SQL Server/150/Tools/Binn/:/mnt/c/Program Files/Microsoft SQL Server/150/Tools/Binn/:/mnt/c/Program Files/Microsoft SQL Server/150/DTS/Binn/:/mnt/c/Program Files/dotnet/:/mnt/c/Program Files/Amazon/AWSCLIV2/:/mnt/c/Program Files (x86)/Groovy/bin:/mnt/d/Program Files/PuTTY/:/mnt/c/Program Files/Docker/Docker/resources/bin:/mnt/c/ProgramData/DockerDesktop/version-bin:/mnt/c/Users/pv_ka/.cargo/bin:/mnt/c/Users/pv_ka/AppData/Local/Programs/Python/Python310/Scripts/:/mnt/c/Users/pv_ka/AppData/Local/Programs/Python/Python310/:/mnt/c/Users/pv_ka/.local/share/solana/install/active_release/bin:/mnt/c/Users/pv_ka/AppData/Local/Microsoft/WindowsApps:/mnt/c/Users/pv_ka/AppData/Roaming/npm:/mnt/c/Users/pv_ka/AppData/Local/Programs/Microsoft VS Code/bin:/mnt/c/Users/pv_ka/go/bin:/mnt/c/Users/pv_ka/.dotnet/tools:/mnt/c/Users/pv_ka/AppData/Local/GitHubDesktop/bin:/mnt/c/Users/pv_ka/AppData/Local/gitkraken/bin:/mnt/c/Users/pv_ka/.dotnet/tools:/snap/bin

Yarn version: 
  1.22.17

Node version: 
  14.19.0

Platform: 
  linux x64

Trace: 
  Error: https://registry.yarnpkg.com/@node%2ftypes: Not found
      at Request.params.callback [as _callback] (/usr/lib/node_modules/yarn/lib/cli.js:67029:18)
      at Request.self.callback (/usr/lib/node_modules/yarn/lib/cli.js:140883:22)
      at Request.emit (events.js:400:28)
      at Request.<anonymous> (/usr/lib/node_modules/yarn/lib/cli.js:141855:10)
      at Request.emit (events.js:400:28)
      at IncomingMessage.<anonymous> (/usr/lib/node_modules/yarn/lib/cli.js:141777:12)
      at Object.onceWrapper (events.js:519:28)
      at IncomingMessage.emit (events.js:412:35)
      at endReadableNT (internal/streams/readable.js:1334:12)
      at processTicksAndRejections (internal/process/task_queues.js:82:21)

npm manifest: 
  {
    "name": "client-test",
    "version": "1.0.0",
    "main": "index.js",
    "license": "MIT",
    "devDependencies": {
      "@types/node": "^17.0.18"
    }
  }

yarn manifest: 
  No manifest

Lockfile: 
  # THIS IS AN AUTOGENERATED FILE. DO NOT EDIT THIS FILE DIRECTLY.
  # yarn lockfile v1
  
  
  "@types/node@^17.0.18":
    version "17.0.18"
    resolved "https://registry.yarnpkg.com/@types/node/-/node-17.0.18.tgz#3b4fed5cfb58010e3a2be4b6e74615e4847f1074"
    integrity sha512-eKj4f/BsN/qcculZiRSujogjvp5O/k4lOW5m35NopjZM/QwLOR075a8pJW5hD+Rtdm2DaCVPENS6KtSQnUD6BA==
